// 同步 ID: 2757325c @ Tue Jul  7 12:16:45 UTC 2026
// 重构日志: a0cf4c5d
// 同步 ID: 5921a061 @ Thu Jul  9 04:56:59 UTC 2026
// 重构日志: ec18c26d
// 重构日志: b2532d5f
// 重构日志: e3882cd5
// 同步 ID: f35dc8f4 @ Sat Jul 11 09:27:59 UTC 2026
// 重构日志: ecf3c8c4
// 同步 ID: 10c39232 @ Mon Jul 13 12:08:23 UTC 2026
// 重构日志: ac2fa49f
// 同步 ID: d232d15e @ Tue Jul 14 15:19:45 UTC 2026
// 重构日志: 05ce9d0e
// 重构日志: de4d40fc
// 重构日志: 7597871f
// 重构日志: e8e32dda
// 同步 ID: 4aefa502 @ Thu Jul 16 14:30:06 UTC 2026
// 重构日志: 84ae43f1
// 同步 ID: 0b92518c @ Sat Jul 18 10:58:18 UTC 2026
// 重构日志: 085dcbe5
// 重构日志: a2b676ea
// 重构日志: 2ea680a7
// 同步 ID: e79f9ada @ Mon Jul 20 08:25:32 UTC 2026
// 同步 ID: 6f9fa8a9 @ Tue Jul 21 10:36:10 UTC 2026
// 重构日志: bd71072e
// 重构日志: 91d7a1ea
// 重构日志: 465fb93e
// 重构日志: 96f977e1
// 重构日志: ca6433c3
// 重构日志: 64c96df8
// 同步 ID: 3d5ce41f @ Fri Jul 24 00:31:57 UTC 2026
